<?xml version="1.0" encoding="UTF-8"?>
<!-- Generated by org.testng.reporters.JUnitReportReporter -->
<testsuite skipped="0" hostname="DESKTOP-5UOQSFA" name="com.hbt.semillero.servicios.GestionarComicPOJOTest" tests="2" failures="0" timestamp="05 nov 2019 18:39:03 GMT" time="0.012" errors="0">
  <testcase name="eliminarComicDTOTest" time="0.008" classname="com.hbt.semillero.servicios.GestionarComicPOJOTest"/>
  <testcase name="modificarComicDTOTest" time="0.004" classname="com.hbt.semillero.servicios.GestionarComicPOJOTest"/>
</testsuite> <!-- com.hbt.semillero.servicios.GestionarComicPOJOTest -->
