<?xml version="1.0" encoding="UTF-8"?>
<!-- Generated by org.testng.reporters.JUnitReportReporter -->
<testsuite skipped="1" hostname="DESKTOP-5UOQSFA" name="com.hbt.semillero.servicios.EjerciciosTest" tests="2" failures="0" timestamp="14 nov 2019 01:01:19 GMT" time="0.026" errors="0">
  <testcase name="ejercicio5" time="0.026" classname="com.hbt.semillero.servicios.EjerciciosTest"/>
  <testcase name="ejercicio4" classname="com.hbt.semillero.servicios.EjerciciosTest">
    <skipped/>
  </testcase> <!-- ejercicio4 -->
</testsuite> <!-- com.hbt.semillero.servicios.EjerciciosTest -->
