<?xml version="1.0" encoding="UTF-8"?>
<!-- Generated by org.testng.reporters.JUnitReportReporter -->
<testsuite skipped="3" hostname="DESKTOP-5UOQSFA" name="com.hbt.semillero.servicios.AppTest" tests="4" failures="0" timestamp="08 nov 2019 00:29:05 GMT" time="0.021" errors="0">
  <testcase name="prueba" time="0.021" classname="com.hbt.semillero.servicios.AppTest"/>
  <testcase name="invertirCadenaTest" classname="com.hbt.semillero.servicios.AppTest">
    <skipped/>
  </testcase> <!-- invertirCadenaTest -->
  <testcase name="toStringComicTest" classname="com.hbt.semillero.servicios.AppTest">
    <skipped/>
  </testcase> <!-- toStringComicTest -->
  <testcase name="metodosEstadoENUMTest" classname="com.hbt.semillero.servicios.AppTest">
    <skipped/>
  </testcase> <!-- metodosEstadoENUMTest -->
</testsuite> <!-- com.hbt.semillero.servicios.AppTest -->
