<?xml version="1.0" encoding="UTF-8"?>
<!-- Generated by org.testng.reporters.JUnitReportReporter -->
<testsuite skipped="3" hostname="DESKTOP-DURHLF4" name="com.hbt.semillero.servicios.AppTest" tests="4" failures="0" timestamp="20 nov 2019 03:03:57 GMT" time="0.019" errors="0">
  <testcase name="pruebaa" time="0.019" classname="com.hbt.semillero.servicios.AppTest"/>
  <testcase name="invertirCadenaTest" classname="com.hbt.semillero.servicios.AppTest">
    <skipped/>
  </testcase> <!-- invertirCadenaTest -->
  <testcase name="toStringComicTest" classname="com.hbt.semillero.servicios.AppTest">
    <skipped/>
  </testcase> <!-- toStringComicTest -->
  <testcase name="metodosEstadoENUMTest" classname="com.hbt.semillero.servicios.AppTest">
    <skipped/>
  </testcase> <!-- metodosEstadoENUMTest -->
</testsuite> <!-- com.hbt.semillero.servicios.AppTest -->
