<?xml version="1.0" encoding="UTF-8"?>
<!-- Generated by org.testng.reporters.JUnitReportReporter -->
<testsuite skipped="0" hostname="DESKTOP-DURHLF4" name="com.hbt.semillero.servicios.GestionarComicPOJOTest" tests="2" failures="0" timestamp="19 nov 2019 20:03:44 GMT" time="0.011" errors="0">
  <testcase name="modificarComicDTOTest" time="0.003" classname="com.hbt.semillero.servicios.GestionarComicPOJOTest"/>
  <testcase name="eliminarComicDTOTest" time="0.008" classname="com.hbt.semillero.servicios.GestionarComicPOJOTest"/>
</testsuite> <!-- com.hbt.semillero.servicios.GestionarComicPOJOTest -->
